<?xml version="1.0" encoding="UTF-8"?>
<!-- Generated by org.testng.reporters.JUnitReportReporter -->
<testsuite hostname="Navin" failures="0" tests="2" name="com.NykaaCucumber_IPT.runner.TestRunner" time="9.891" errors="0" timestamp="2023-06-18T18:53:24 IST" skipped="0">
  <testcase classname="com.NykaaCucumber_IPT.runner.TestRunner" name="browser" time="8.202"/>
  <system-out/>
  <testcase classname="com.NykaaCucumber_IPT.runner.TestRunner" name="login" time="1.689"/>
  <system-out/>
</testsuite> <!-- com.NykaaCucumber_IPT.runner.TestRunner -->
